# JRE version: Java(TM) SE Runtime Environment (8.0_131-b11) (build 1.8.0_131-b11)
# Java VM: Java HotSpot(TM) 64-Bit Server VM (25.131-b11 mixed mode windows-amd64 compressed oops)
Heap:
 PSYoungGen      total 140800K, used 36322K [0x000000076b580000, 0x0000000778600000, 0x00000007c0000000)
  eden space 121344K, 29% used [0x000000076b580000,0x000000076d8f88e8,0x0000000772c00000)
  from space 19456K, 0% used [0x0000000772c00000,0x0000000772c00000,0x0000000773f00000)
  to   space 19456K, 0% used [0x0000000777300000,0x0000000777300000,0x0000000778600000)
 ParOldGen       total 137216K, used 30519K [0x00000006c2000000, 0x00000006ca600000, 0x000000076b580000)
  object space 137216K, 22% used [0x00000006c2000000,0x00000006c3dcdf00,0x00000006ca600000)
 Metaspace       used 36938K, capacity 37750K, committed 37888K, reserved 1083392K
  class space    used 4567K, capacity 4824K, committed 4864K, reserved 1048576K
GC Heap History (10 events):
Event: 9.328 GC heap before
{Heap before GC invocations=5 (full 0):
 PSYoungGen      total 140800K, used 92617K [0x000000076b580000, 0x0000000774980000, 0x00000007c0000000)
  eden space 130048K, 62% used [0x000000076b580000,0x000000077057a4e0,0x0000000773480000)
  from space 10752K, 99% used [0x0000000773f00000,0x0000000774978020,0x0000000774980000)
  to   space 10752K, 0% used [0x0000000773480000,0x0000000773480000,0x0000000773f00000)
 ParOldGen       total 173568K, used 9887K [0x00000006c2000000, 0x00000006cc980000, 0x000000076b580000)
  object space 173568K, 5% used [0x00000006c2000000,0x00000006c29a7fb8,0x00000006cc980000)
 Metaspace       used 20517K, capacity 21050K, committed 21296K, reserved 1069056K
  class space    used 2436K, capacity 2601K, committed 2688K, reserved 1048576K
Event: 9.367 GC heap after
Heap after GC invocations=5 (full 0):
 PSYoungGen      total 140800K, used 10752K [0x000000076b580000, 0x0000000774980000, 0x00000007c0000000)
  eden space 130048K, 0% used [0x000000076b580000,0x000000076b580000,0x0000000773480000)
  from space 10752K, 100% used [0x0000000773480000,0x0000000773f00000,0x0000000773f00000)
  to   space 10752K, 0% used [0x0000000773f00000,0x0000000773f00000,0x0000000774980000)
 ParOldGen       total 173568K, used 16915K [0x00000006c2000000, 0x00000006cc980000, 0x000000076b580000)
  object space 173568K, 9% used [0x00000006c2000000,0x00000006c3084e80,0x00000006cc980000)
 Metaspace       used 20517K, capacity 21050K, committed 21296K, reserved 1069056K
  class space    used 2436K, capacity 2601K, committed 2688K, reserved 1048576K
}
Event: 9.367 GC heap before
{Heap before GC invocations=6 (full 1):
 PSYoungGen      total 140800K, used 10752K [0x000000076b580000, 0x0000000774980000, 0x00000007c0000000)
  eden space 130048K, 0% used [0x000000076b580000,0x000000076b580000,0x0000000773480000)
  from space 10752K, 100% used [0x0000000773480000,0x0000000773f00000,0x0000000773f00000)
  to   space 10752K, 0% used [0x0000000773f00000,0x0000000773f00000,0x0000000774980000)
 ParOldGen       total 173568K, used 16915K [0x00000006c2000000, 0x00000006cc980000, 0x000000076b580000)
  object space 173568K, 9% used [0x00000006c2000000,0x00000006c3084e80,0x00000006cc980000)
 Metaspace       used 20517K, capacity 21050K, committed 21296K, reserved 1069056K
  class space    used 2436K, capacity 2601K, committed 2688K, reserved 1048576K
Event: 9.564 GC heap after
Heap after GC invocations=6 (full 1):
 PSYoungGen      total 140800K, used 0K [0x000000076b580000, 0x0000000774980000, 0x00000007c0000000)
  eden space 130048K, 0% used [0x000000076b580000,0x000000076b580000,0x0000000773480000)
  from space 10752K, 0% used [0x0000000773480000,0x0000000773480000,0x0000000773f00000)
  to   space 10752K, 0% used [0x0000000773f00000,0x0000000773f00000,0x0000000774980000)
 ParOldGen       total 137216K, used 25447K [0x00000006c2000000, 0x00000006ca600000, 0x000000076b580000)
  object space 137216K, 18% used [0x00000006c2000000,0x00000006c38d9f40,0x00000006ca600000)
 Metaspace       used 20517K, capacity 21050K, committed 21296K, reserved 1069056K
  class space    used 2436K, capacity 2601K, committed 2688K, reserved 1048576K
}
Event: 11.689 GC heap before
{Heap before GC invocations=7 (full 1):
 PSYoungGen      total 140800K, used 130048K [0x000000076b580000, 0x0000000774980000, 0x00000007c0000000)
  eden space 130048K, 100% used [0x000000076b580000,0x0000000773480000,0x0000000773480000)
  from space 10752K, 0% used [0x0000000773480000,0x0000000773480000,0x0000000773f00000)
  to   space 10752K, 0% used [0x0000000773f00000,0x0000000773f00000,0x0000000774980000)
 ParOldGen       total 137216K, used 25447K [0x00000006c2000000, 0x00000006ca600000, 0x000000076b580000)
  object space 137216K, 18% used [0x00000006c2000000,0x00000006c38d9f40,0x00000006ca600000)
 Metaspace       used 32215K, capacity 32960K, committed 33024K, reserved 1079296K
  class space    used 3861K, capacity 4095K, committed 4096K, reserved 1048576K
Event: 11.714 GC heap after
Heap after GC invocations=7 (full 1):
 PSYoungGen      total 132096K, used 10733K [0x000000076b580000, 0x0000000778d80000, 0x00000007c0000000)
  eden space 121344K, 0% used [0x000000076b580000,0x000000076b580000,0x0000000772c00000)
  from space 10752K, 99% used [0x0000000773f00000,0x000000077497b738,0x0000000774980000)
  to   space 19456K, 0% used [0x0000000772c00000,0x0000000772c00000,0x0000000773f00000)
 ParOldGen       total 137216K, used 29018K [0x00000006c2000000, 0x00000006ca600000, 0x000000076b580000)
  object space 137216K, 21% used [0x00000006c2000000,0x00000006c3c56b80,0x00000006ca600000)
 Metaspace       used 32215K, capacity 32960K, committed 33024K, reserved 1079296K
  class space    used 3861K, capacity 4095K, committed 4096K, reserved 1048576K
}
Event: 12.773 GC heap before
{Heap before GC invocations=8 (full 1):
 PSYoungGen      total 132096K, used 101231K [0x000000076b580000, 0x0000000778d80000, 0x00000007c0000000)
  eden space 121344K, 74% used [0x000000076b580000,0x0000000770de05a8,0x0000000772c00000)
  from space 10752K, 99% used [0x0000000773f00000,0x000000077497b738,0x0000000774980000)
  to   space 19456K, 0% used [0x0000000772c00000,0x0000000772c00000,0x0000000773f00000)
 ParOldGen       total 137216K, used 29018K [0x00000006c2000000, 0x00000006ca600000, 0x000000076b580000)
  object space 137216K, 21% used [0x00000006c2000000,0x00000006c3c56b80,0x00000006ca600000)
 Metaspace       used 34566K, capacity 35384K, committed 35456K, reserved 1081344K
  class space    used 4195K, capacity 4467K, committed 4480K, reserved 1048576K
Event: 12.798 GC heap after
Heap after GC invocations=8 (full 1):
 PSYoungGen      total 140800K, used 10518K [0x000000076b580000, 0x0000000778600000, 0x00000007c0000000)
  eden space 121344K, 0% used [0x000000076b580000,0x000000076b580000,0x0000000772c00000)
  from space 19456K, 54% used [0x0000000772c00000,0x0000000773645ae8,0x0000000773f00000)
  to   space 19456K, 0% used [0x0000000777300000,0x0000000777300000,0x0000000778600000)
 ParOldGen       total 137216K, used 29018K [0x00000006c2000000, 0x00000006ca600000, 0x000000076b580000)
  object space 137216K, 21% used [0x00000006c2000000,0x00000006c3c56b80,0x00000006ca600000)
 Metaspace       used 34566K, capacity 35384K, committed 35456K, reserved 1081344K
  class space    used 4195K, capacity 4467K, committed 4480K, reserved 1048576K
}
Event: 12.798 GC heap before
{Heap before GC invocations=9 (full 2):
 PSYoungGen      total 140800K, used 10518K [0x000000076b580000, 0x0000000778600000, 0x00000007c0000000)
  eden space 121344K, 0% used [0x000000076b580000,0x000000076b580000,0x0000000772c00000)
  from space 19456K, 54% used [0x0000000772c00000,0x0000000773645ae8,0x0000000773f00000)
  to   space 19456K, 0% used [0x0000000777300000,0x0000000777300000,0x0000000778600000)
 ParOldGen       total 137216K, used 29018K [0x00000006c2000000, 0x00000006ca600000, 0x000000076b580000)
  object space 137216K, 21% used [0x00000006c2000000,0x00000006c3c56b80,0x00000006ca600000)
 Metaspace       used 34566K, capacity 35384K, committed 35456K, reserved 1081344K
  class space    used 4195K, capacity 4467K, committed 4480K, reserved 1048576K
Event: 13.013 GC heap after
Heap after GC invocations=9 (full 2):
 PSYoungGen      total 140800K, used 0K [0x000000076b580000, 0x0000000778600000, 0x00000007c0000000)
  eden space 121344K, 0% used [0x000000076b580000,0x000000076b580000,0x0000000772c00000)
  from space 19456K, 0% used [0x0000000772c00000,0x0000000772c00000,0x0000000773f00000)
  to   space 19456K, 0% used [0x0000000777300000,0x0000000777300000,0x0000000778600000)
 ParOldGen       total 137216K, used 30519K [0x00000006c2000000, 0x00000006ca600000, 0x000000076b580000)
  object space 137216K, 22% used [0x00000006c2000000,0x00000006c3dcdf00,0x00000006ca600000)
 Metaspace       used 34566K, capacity 35384K, committed 35456K, reserved 1081344K
  class space    used 4195K, capacity 4467K, committed 4480K, reserved 1048576K
}

